Connecting to database specified by database.yml
  [1m[36m (0.2ms)[0m  [1mselect sqlite_version(*)[0m
  [1m[35m (390.0ms)[0m  CREATE TABLE "schema_migrations" ("version" varchar(255) NOT NULL) 
  [1m[36m (180.5ms)[0m  [1mCREATE UNIQUE INDEX "unique_schema_migrations" ON "schema_migrations" ("version")[0m
  [1m[35m (23.4ms)[0m  SELECT "schema_migrations"."version" FROM "schema_migrations" 


Started GET "/" for 127.0.0.1 at 2013-04-24 01:03:36 -0300
Connecting to database specified by database.yml

ActionController::RoutingError (No route matches [GET] "/"):
  actionpack (3.2.11) lib/action_dispatch/middleware/debug_exceptions.rb:21:in `call'
  actionpack (3.2.11) lib/action_dispatch/middleware/show_exceptions.rb:56:in `call'
  railties (3.2.11) lib/rails/rack/logger.rb:32:in `call_app'
  railties (3.2.11) lib/rails/rack/logger.rb:16:in `block in call'
  activesupport (3.2.11) lib/active_support/tagged_logging.rb:22:in `tagged'
  railties (3.2.11) lib/rails/rack/logger.rb:16:in `call'
  actionpack (3.2.11) lib/action_dispatch/middleware/request_id.rb:22:in `call'
  rack (1.4.5) lib/rack/methodoverride.rb:21:in `call'
  rack (1.4.5) lib/rack/runtime.rb:17:in `call'
  activesupport (3.2.11) lib/active_support/cache/strategy/local_cache.rb:72:in `call'
  rack (1.4.5) lib/rack/lock.rb:15:in `call'
  actionpack (3.2.11) lib/action_dispatch/middleware/static.rb:62:in `call'
  railties (3.2.11) lib/rails/engine.rb:479:in `call'
  railties (3.2.11) lib/rails/application.rb:223:in `call'
  rack (1.4.5) lib/rack/content_length.rb:14:in `call'
  railties (3.2.11) lib/rails/rack/log_tailer.rb:17:in `call'
  rack (1.4.5) lib/rack/handler/webrick.rb:59:in `service'
  /home/hercules/.rvm/rubies/ruby-1.9.3-head/lib/ruby/1.9.1/webrick/httpserver.rb:138:in `service'
  /home/hercules/.rvm/rubies/ruby-1.9.3-head/lib/ruby/1.9.1/webrick/httpserver.rb:94:in `run'
  /home/hercules/.rvm/rubies/ruby-1.9.3-head/lib/ruby/1.9.1/webrick/server.rb:191:in `block in start_thread'


  Rendered /home/hercules/.rvm/gems/ruby-1.9.3-head/gems/actionpack-3.2.11/lib/action_dispatch/middleware/templates/rescues/routing_error.erb within rescues/layout (82.9ms)
Connecting to database specified by database.yml
  [1m[36m (2.1ms)[0m  [1mSELECT "schema_migrations"."version" FROM "schema_migrations" [0m
  [1m[35m (0.1ms)[0m  select sqlite_version(*)
  [1m[36m (390.9ms)[0m  [1mCREATE TABLE "schema_migrations" ("version" varchar(255) NOT NULL) [0m
  [1m[35m (292.2ms)[0m  CREATE UNIQUE INDEX "unique_schema_migrations" ON "schema_migrations" ("version")
  [1m[36m (0.1ms)[0m  [1mSELECT version FROM "schema_migrations"[0m
  [1m[35m (312.3ms)[0m  INSERT INTO "schema_migrations" (version) VALUES ('0')
Connecting to database specified by database.yml
  [1m[36m (2.0ms)[0m  [1mSELECT "schema_migrations"."version" FROM "schema_migrations" [0m
  [1m[35m (0.1ms)[0m  select sqlite_version(*)
  [1m[36m (314.3ms)[0m  [1mCREATE TABLE "schema_migrations" ("version" varchar(255) NOT NULL) [0m
  [1m[35m (487.6ms)[0m  CREATE UNIQUE INDEX "unique_schema_migrations" ON "schema_migrations" ("version")
  [1m[36m (0.1ms)[0m  [1mSELECT version FROM "schema_migrations"[0m
  [1m[35m (338.4ms)[0m  INSERT INTO "schema_migrations" (version) VALUES ('0')
Connecting to database specified by database.yml
  [1m[36m (2.1ms)[0m  [1mSELECT "schema_migrations"."version" FROM "schema_migrations" [0m
  [1m[35m (0.1ms)[0m  select sqlite_version(*)
  [1m[36m (299.5ms)[0m  [1mCREATE TABLE "schema_migrations" ("version" varchar(255) NOT NULL) [0m
  [1m[35m (301.3ms)[0m  CREATE UNIQUE INDEX "unique_schema_migrations" ON "schema_migrations" ("version")
  [1m[36m (0.1ms)[0m  [1mSELECT version FROM "schema_migrations"[0m
  [1m[35m (312.4ms)[0m  INSERT INTO "schema_migrations" (version) VALUES ('0')
Connecting to database specified by database.yml
  [1m[36m (1.7ms)[0m  [1mSELECT "schema_migrations"."version" FROM "schema_migrations" [0m
  [1m[35m (0.1ms)[0m  select sqlite_version(*)
  [1m[36m (291.6ms)[0m  [1mCREATE TABLE "schema_migrations" ("version" varchar(255) NOT NULL) [0m
  [1m[35m (402.1ms)[0m  CREATE UNIQUE INDEX "unique_schema_migrations" ON "schema_migrations" ("version")
  [1m[36m (0.1ms)[0m  [1mSELECT version FROM "schema_migrations"[0m
  [1m[35m (177.9ms)[0m  INSERT INTO "schema_migrations" (version) VALUES ('0')
Connecting to database specified by database.yml
  [1m[36m (1.7ms)[0m  [1mSELECT "schema_migrations"."version" FROM "schema_migrations" [0m
  [1m[35m (0.1ms)[0m  select sqlite_version(*)
  [1m[36m (347.2ms)[0m  [1mCREATE TABLE "schema_migrations" ("version" varchar(255) NOT NULL) [0m
  [1m[35m (368.3ms)[0m  CREATE UNIQUE INDEX "unique_schema_migrations" ON "schema_migrations" ("version")
  [1m[36m (0.1ms)[0m  [1mSELECT version FROM "schema_migrations"[0m
  [1m[35m (301.2ms)[0m  INSERT INTO "schema_migrations" (version) VALUES ('0')
Connecting to database specified by database.yml
  [1m[36m (1.7ms)[0m  [1mSELECT "schema_migrations"."version" FROM "schema_migrations" [0m
  [1m[35m (0.1ms)[0m  select sqlite_version(*)
  [1m[36m (332.9ms)[0m  [1mCREATE TABLE "schema_migrations" ("version" varchar(255) NOT NULL) [0m
  [1m[35m (324.1ms)[0m  CREATE UNIQUE INDEX "unique_schema_migrations" ON "schema_migrations" ("version")
  [1m[36m (0.1ms)[0m  [1mSELECT version FROM "schema_migrations"[0m
  [1m[35m (312.2ms)[0m  INSERT INTO "schema_migrations" (version) VALUES ('0')
Connecting to database specified by database.yml
  [1m[36m (1.7ms)[0m  [1mSELECT "schema_migrations"."version" FROM "schema_migrations" [0m
  [1m[35m (0.1ms)[0m  select sqlite_version(*)
  [1m[36m (305.2ms)[0m  [1mCREATE TABLE "schema_migrations" ("version" varchar(255) NOT NULL) [0m
  [1m[35m (279.3ms)[0m  CREATE UNIQUE INDEX "unique_schema_migrations" ON "schema_migrations" ("version")
  [1m[36m (0.1ms)[0m  [1mSELECT version FROM "schema_migrations"[0m
  [1m[35m (312.0ms)[0m  INSERT INTO "schema_migrations" (version) VALUES ('0')
Connecting to database specified by database.yml
  [1m[36m (1.7ms)[0m  [1mSELECT "schema_migrations"."version" FROM "schema_migrations" [0m
  [1m[35m (0.1ms)[0m  select sqlite_version(*)
  [1m[36m (305.1ms)[0m  [1mCREATE TABLE "schema_migrations" ("version" varchar(255) NOT NULL) [0m
  [1m[35m (341.7ms)[0m  CREATE UNIQUE INDEX "unique_schema_migrations" ON "schema_migrations" ("version")
  [1m[36m (0.1ms)[0m  [1mSELECT version FROM "schema_migrations"[0m
  [1m[35m (305.9ms)[0m  INSERT INTO "schema_migrations" (version) VALUES ('0')
Connecting to database specified by database.yml
  [1m[36m (49.6ms)[0m  [1mSELECT "schema_migrations"."version" FROM "schema_migrations" [0m
  [1m[35m (0.2ms)[0m  select sqlite_version(*)
  [1m[36m (214.5ms)[0m  [1mCREATE TABLE "schema_migrations" ("version" varchar(255) NOT NULL) [0m
  [1m[35m (200.8ms)[0m  CREATE UNIQUE INDEX "unique_schema_migrations" ON "schema_migrations" ("version")
  [1m[36m (0.1ms)[0m  [1mSELECT version FROM "schema_migrations"[0m
  [1m[35m (199.8ms)[0m  INSERT INTO "schema_migrations" (version) VALUES ('0')
Connecting to database specified by database.yml
  [1m[36m (1.9ms)[0m  [1mSELECT "schema_migrations"."version" FROM "schema_migrations" [0m
  [1m[35m (0.1ms)[0m  select sqlite_version(*)
  [1m[36m (319.6ms)[0m  [1mCREATE TABLE "schema_migrations" ("version" varchar(255) NOT NULL) [0m
  [1m[35m (300.8ms)[0m  CREATE UNIQUE INDEX "unique_schema_migrations" ON "schema_migrations" ("version")
  [1m[36m (0.3ms)[0m  [1mSELECT version FROM "schema_migrations"[0m
  [1m[35m (291.8ms)[0m  INSERT INTO "schema_migrations" (version) VALUES ('0')


Started GET "/" for 127.0.0.1 at 2013-04-26 00:55:21 -0300
Connecting to database specified by database.yml
Processing by CalcController#soma as HTML
  Rendered calc/soma.html.erb within layouts/application (4.8ms)
Compiled calc.css  (76ms)  (pid 15350)
Compiled application.css  (89ms)  (pid 15350)
Compiled jquery.js  (2ms)  (pid 15350)
Compiled jquery_ujs.js  (0ms)  (pid 15350)
Compiled calc.js  (0ms)  (pid 15350)
Compiled application.js  (176ms)  (pid 15350)
Completed 200 OK in 448ms (Views: 447.7ms | ActiveRecord: 0.0ms)


Started GET "/assets/application.css?body=1" for 127.0.0.1 at 2013-04-26 00:55:22 -0300
Served asset /application.css - 200 OK (4ms)


Started GET "/assets/jquery_ujs.js?body=1" for 127.0.0.1 at 2013-04-26 00:55:22 -0300
Served asset /jquery_ujs.js - 200 OK (3ms)


Started GET "/assets/jquery.js?body=1" for 127.0.0.1 at 2013-04-26 00:55:22 -0300
Served asset /jquery.js - 200 OK (5ms)


Started GET "/assets/calc.js?body=1" for 127.0.0.1 at 2013-04-26 00:55:22 -0300
Served asset /calc.js - 200 OK (3ms)


Started GET "/assets/application.js?body=1" for 127.0.0.1 at 2013-04-26 00:55:22 -0300
Served asset /application.js - 200 OK (8ms)


Started GET "/assets/calc.css?body=1" for 127.0.0.1 at 2013-04-26 00:55:22 -0300
Served asset /calc.css - 200 OK (2ms)


Started GET "/" for 127.0.0.1 at 2013-04-26 00:56:03 -0300
Processing by CalcController#soma as HTML
  Rendered calc/soma.html.erb within layouts/application (1.5ms)
Completed 200 OK in 7ms (Views: 7.0ms | ActiveRecord: 0.0ms)


Started GET "/assets/application.css?body=1" for 127.0.0.1 at 2013-04-26 00:56:03 -0300
Served asset /application.css - 304 Not Modified (3ms)


Started GET "/assets/calc.css?body=1" for 127.0.0.1 at 2013-04-26 00:56:03 -0300
Served asset /calc.css - 304 Not Modified (0ms)


Started GET "/assets/jquery_ujs.js?body=1" for 127.0.0.1 at 2013-04-26 00:56:03 -0300
Served asset /jquery_ujs.js - 304 Not Modified (0ms)


Started GET "/assets/jquery.js?body=1" for 127.0.0.1 at 2013-04-26 00:56:03 -0300
Served asset /jquery.js - 304 Not Modified (1ms)


Started GET "/assets/calc.js?body=1" for 127.0.0.1 at 2013-04-26 00:56:03 -0300
Served asset /calc.js - 304 Not Modified (0ms)


Started GET "/assets/application.js?body=1" for 127.0.0.1 at 2013-04-26 00:56:03 -0300
Served asset /application.js - 304 Not Modified (6ms)


Started GET "/" for 127.0.0.1 at 2013-04-26 00:56:42 -0300
Processing by CalcController#soma as HTML
  Rendered calc/soma.html.erb within layouts/application (3.6ms)
Completed 200 OK in 15ms (Views: 14.5ms | ActiveRecord: 0.0ms)


Started GET "/assets/application.css?body=1" for 127.0.0.1 at 2013-04-26 00:56:42 -0300
Served asset /application.css - 304 Not Modified (0ms)


Started GET "/assets/calc.css?body=1" for 127.0.0.1 at 2013-04-26 00:56:42 -0300
Served asset /calc.css - 304 Not Modified (0ms)


Started GET "/assets/jquery_ujs.js?body=1" for 127.0.0.1 at 2013-04-26 00:56:42 -0300
Served asset /jquery_ujs.js - 304 Not Modified (0ms)


Started GET "/assets/calc.js?body=1" for 127.0.0.1 at 2013-04-26 00:56:42 -0300
Served asset /calc.js - 304 Not Modified (0ms)


Started GET "/assets/jquery.js?body=1" for 127.0.0.1 at 2013-04-26 00:56:42 -0300
Served asset /jquery.js - 304 Not Modified (1ms)


Started GET "/assets/application.js?body=1" for 127.0.0.1 at 2013-04-26 00:56:42 -0300
Served asset /application.js - 304 Not Modified (2ms)


Started GET "/" for 127.0.0.1 at 2013-04-26 00:58:34 -0300
Processing by CalcController#soma as HTML
  Rendered calc/soma.html.erb within layouts/application (61.1ms)
Completed 500 Internal Server Error in 64ms

ActionController::RoutingError (No route matches {:controller=>"calc", :action=>"resultado"}):
  app/views/calc/soma.html.erb:3:in `_app_views_calc_soma_html_erb___4012828956686533801_21627040'


  Rendered /home/hercules/.rvm/gems/ruby-1.9.3-head/gems/actionpack-3.2.11/lib/action_dispatch/middleware/templates/rescues/routing_error.erb within rescues/layout (0.9ms)
Connecting to database specified by database.yml
  [1m[36m (1.7ms)[0m  [1mSELECT "schema_migrations"."version" FROM "schema_migrations" [0m
  [1m[35m (0.1ms)[0m  select sqlite_version(*)
  [1m[36m (246.6ms)[0m  [1mCREATE TABLE "schema_migrations" ("version" varchar(255) NOT NULL) [0m
  [1m[35m (268.3ms)[0m  CREATE UNIQUE INDEX "unique_schema_migrations" ON "schema_migrations" ("version")
  [1m[36m (0.1ms)[0m  [1mSELECT version FROM "schema_migrations"[0m
  [1m[35m (265.8ms)[0m  INSERT INTO "schema_migrations" (version) VALUES ('0')


Started GET "/" for 127.0.0.1 at 2013-04-26 01:06:35 -0300
Processing by CalcController#soma as HTML
  Rendered calc/soma.html.erb within layouts/application (1.4ms)
Completed 200 OK in 9ms (Views: 8.4ms | ActiveRecord: 0.0ms)


Started GET "/assets/application.css?body=1" for 127.0.0.1 at 2013-04-26 01:06:35 -0300
Served asset /application.css - 304 Not Modified (0ms)


Started GET "/assets/calc.css?body=1" for 127.0.0.1 at 2013-04-26 01:06:35 -0300
Served asset /calc.css - 304 Not Modified (0ms)


Started GET "/assets/jquery.js?body=1" for 127.0.0.1 at 2013-04-26 01:06:35 -0300
Served asset /jquery.js - 304 Not Modified (59ms)


Started GET "/assets/calc.js?body=1" for 127.0.0.1 at 2013-04-26 01:06:35 -0300
Served asset /calc.js - 304 Not Modified (0ms)


Started GET "/assets/jquery_ujs.js?body=1" for 127.0.0.1 at 2013-04-26 01:06:35 -0300
Served asset /jquery_ujs.js - 304 Not Modified (0ms)


Started GET "/assets/application.js?body=1" for 127.0.0.1 at 2013-04-26 01:06:35 -0300
Served asset /application.js - 304 Not Modified (6ms)


Started GET "/" for 127.0.0.1 at 2013-04-26 01:07:25 -0300
Processing by CalcController#soma as HTML
  Rendered calc/soma.html.erb within layouts/application (4.7ms)
Completed 200 OK in 13ms (Views: 12.3ms | ActiveRecord: 0.0ms)


Started GET "/assets/application.css?body=1" for 127.0.0.1 at 2013-04-26 01:07:25 -0300
Served asset /application.css - 304 Not Modified (0ms)


Started GET "/assets/calc.css?body=1" for 127.0.0.1 at 2013-04-26 01:07:25 -0300
Served asset /calc.css - 304 Not Modified (0ms)


Started GET "/assets/jquery.js?body=1" for 127.0.0.1 at 2013-04-26 01:07:25 -0300
Served asset /jquery.js - 304 Not Modified (1ms)


Started GET "/assets/application.js?body=1" for 127.0.0.1 at 2013-04-26 01:07:25 -0300
Served asset /application.js - 304 Not Modified (1ms)


Started GET "/assets/calc.js?body=1" for 127.0.0.1 at 2013-04-26 01:07:25 -0300
Served asset /calc.js - 304 Not Modified (0ms)


Started GET "/assets/jquery_ujs.js?body=1" for 127.0.0.1 at 2013-04-26 01:07:25 -0300
Served asset /jquery_ujs.js - 304 Not Modified (0ms)


Started GET "/" for 127.0.0.1 at 2013-04-26 01:07:39 -0300
Processing by CalcController#soma as HTML
  Rendered calc/soma.html.erb within layouts/application (1.3ms)
Completed 200 OK in 8ms (Views: 8.0ms | ActiveRecord: 0.0ms)


Started GET "/assets/application.css?body=1" for 127.0.0.1 at 2013-04-26 01:07:39 -0300
Served asset /application.css - 304 Not Modified (0ms)


Started GET "/assets/jquery_ujs.js?body=1" for 127.0.0.1 at 2013-04-26 01:07:39 -0300
Served asset /jquery_ujs.js - 304 Not Modified (0ms)


Started GET "/assets/calc.css?body=1" for 127.0.0.1 at 2013-04-26 01:07:39 -0300
Served asset /calc.css - 304 Not Modified (0ms)


Started GET "/assets/jquery.js?body=1" for 127.0.0.1 at 2013-04-26 01:07:39 -0300
Served asset /jquery.js - 304 Not Modified (1ms)


Started GET "/assets/calc.js?body=1" for 127.0.0.1 at 2013-04-26 01:07:39 -0300
Served asset /calc.js - 304 Not Modified (0ms)


Started GET "/assets/application.js?body=1" for 127.0.0.1 at 2013-04-26 01:07:39 -0300
Served asset /application.js - 304 Not Modified (5ms)


Started GET "/" for 127.0.0.1 at 2013-04-26 01:08:37 -0300
Processing by CalcController#soma as HTML
  Rendered calc/soma.html.erb within layouts/application (1.2ms)
Completed 200 OK in 8ms (Views: 8.1ms | ActiveRecord: 0.0ms)


Started GET "/assets/application.css?body=1" for 127.0.0.1 at 2013-04-26 01:08:37 -0300
Served asset /application.css - 304 Not Modified (0ms)


Started GET "/assets/calc.css?body=1" for 127.0.0.1 at 2013-04-26 01:08:37 -0300
Served asset /calc.css - 304 Not Modified (0ms)


Started GET "/assets/jquery_ujs.js?body=1" for 127.0.0.1 at 2013-04-26 01:08:37 -0300
Served asset /jquery_ujs.js - 304 Not Modified (0ms)


Started GET "/assets/application.js?body=1" for 127.0.0.1 at 2013-04-26 01:08:37 -0300
Served asset /application.js - 304 Not Modified (2ms)


Started GET "/assets/jquery.js?body=1" for 127.0.0.1 at 2013-04-26 01:08:37 -0300
Served asset /jquery.js - 304 Not Modified (1ms)


Started GET "/assets/calc.js?body=1" for 127.0.0.1 at 2013-04-26 01:08:37 -0300
Served asset /calc.js - 304 Not Modified (0ms)


Started GET "/" for 127.0.0.1 at 2013-04-26 01:13:47 -0300
Processing by CalcController#soma as HTML
  Rendered calc/soma.html.erb within layouts/application (1.7ms)
Completed 200 OK in 9ms (Views: 8.7ms | ActiveRecord: 0.0ms)


Started GET "/assets/application.css?body=1" for 127.0.0.1 at 2013-04-26 01:13:47 -0300
Served asset /application.css - 304 Not Modified (0ms)


Started GET "/assets/calc.css?body=1" for 127.0.0.1 at 2013-04-26 01:13:47 -0300
Served asset /calc.css - 304 Not Modified (0ms)


Started GET "/assets/jquery.js?body=1" for 127.0.0.1 at 2013-04-26 01:13:47 -0300
Served asset /jquery.js - 304 Not Modified (1ms)


Started GET "/assets/jquery_ujs.js?body=1" for 127.0.0.1 at 2013-04-26 01:13:47 -0300
Served asset /jquery_ujs.js - 304 Not Modified (0ms)


Started GET "/assets/application.js?body=1" for 127.0.0.1 at 2013-04-26 01:13:47 -0300
Served asset /application.js - 304 Not Modified (3ms)


Started GET "/assets/calc.js?body=1" for 127.0.0.1 at 2013-04-26 01:13:47 -0300
Served asset /calc.js - 304 Not Modified (0ms)


Started POST "/calc/resultado" for 127.0.0.1 at 2013-04-26 01:25:31 -0300
Processing by CalcController#resultado as HTML
  Parameters: {"utf8"=>"✓", "authenticity_token"=>"F21F2+0CVgn1KWfsefnJjN4BdqY1eOXRDf6w+r6wuaU=", "primeiro"=>"2", "commit"=>"somar"}
Completed 500 Internal Server Error in 1ms

TypeError (can't convert nil into String):
  app/controllers/calc_controller.rb:8:in `+'
  app/controllers/calc_controller.rb:8:in `resultado'


  Rendered /home/hercules/.rvm/gems/ruby-1.9.3-head/gems/actionpack-3.2.11/lib/action_dispatch/middleware/templates/rescues/_trace.erb (1.7ms)
  Rendered /home/hercules/.rvm/gems/ruby-1.9.3-head/gems/actionpack-3.2.11/lib/action_dispatch/middleware/templates/rescues/_request_and_response.erb (1.4ms)
  Rendered /home/hercules/.rvm/gems/ruby-1.9.3-head/gems/actionpack-3.2.11/lib/action_dispatch/middleware/templates/rescues/diagnostics.erb within rescues/layout (48.3ms)


Started POST "/calc/resultado" for 127.0.0.1 at 2013-04-26 01:25:48 -0300
Processing by CalcController#resultado as HTML
  Parameters: {"utf8"=>"✓", "authenticity_token"=>"F21F2+0CVgn1KWfsefnJjN4BdqY1eOXRDf6w+r6wuaU=", "primeiro"=>"2", "commit"=>"somar"}
  Rendered calc/resultado.html.erb within layouts/application (0.6ms)
Completed 200 OK in 10ms (Views: 9.3ms | ActiveRecord: 0.0ms)


Started GET "/assets/application.css?body=1" for 127.0.0.1 at 2013-04-26 01:25:48 -0300
Served asset /application.css - 304 Not Modified (0ms)


Started GET "/assets/calc.css?body=1" for 127.0.0.1 at 2013-04-26 01:25:49 -0300
Served asset /calc.css - 304 Not Modified (0ms)


Started GET "/assets/jquery.js?body=1" for 127.0.0.1 at 2013-04-26 01:25:49 -0300
Served asset /jquery.js - 304 Not Modified (1ms)


Started GET "/assets/jquery_ujs.js?body=1" for 127.0.0.1 at 2013-04-26 01:25:49 -0300
Served asset /jquery_ujs.js - 304 Not Modified (0ms)


Started GET "/assets/calc.js?body=1" for 127.0.0.1 at 2013-04-26 01:25:49 -0300
Served asset /calc.js - 304 Not Modified (0ms)


Started GET "/assets/application.js?body=1" for 127.0.0.1 at 2013-04-26 01:25:49 -0300
Served asset /application.js - 304 Not Modified (2ms)


Started GET "/" for 127.0.0.1 at 2013-04-26 01:26:13 -0300
Processing by CalcController#soma as HTML
  Rendered calc/soma.html.erb within layouts/application (1.5ms)
Completed 200 OK in 14ms (Views: 10.8ms | ActiveRecord: 0.0ms)


Started GET "/assets/application.css?body=1" for 127.0.0.1 at 2013-04-26 01:26:13 -0300
Served asset /application.css - 304 Not Modified (5ms)


Started GET "/assets/calc.css?body=1" for 127.0.0.1 at 2013-04-26 01:26:13 -0300
Served asset /calc.css - 304 Not Modified (0ms)


Started GET "/assets/jquery.js?body=1" for 127.0.0.1 at 2013-04-26 01:26:13 -0300
Served asset /jquery.js - 304 Not Modified (1ms)


Started GET "/assets/jquery_ujs.js?body=1" for 127.0.0.1 at 2013-04-26 01:26:13 -0300
Served asset /jquery_ujs.js - 304 Not Modified (0ms)


Started GET "/assets/calc.js?body=1" for 127.0.0.1 at 2013-04-26 01:26:13 -0300
Served asset /calc.js - 304 Not Modified (0ms)


Started GET "/assets/application.js?body=1" for 127.0.0.1 at 2013-04-26 01:26:14 -0300
Served asset /application.js - 304 Not Modified (1ms)


Started POST "/calc/resultado" for 127.0.0.1 at 2013-04-26 01:26:18 -0300
Processing by CalcController#resultado as HTML
  Parameters: {"utf8"=>"✓", "authenticity_token"=>"F21F2+0CVgn1KWfsefnJjN4BdqY1eOXRDf6w+r6wuaU=", "primeiro"=>"2", "segundo"=>"2", "commit"=>"somar"}
  Rendered calc/resultado.html.erb within layouts/application (0.1ms)
Completed 200 OK in 8ms (Views: 7.9ms | ActiveRecord: 0.0ms)


Started GET "/assets/application.css?body=1" for 127.0.0.1 at 2013-04-26 01:26:18 -0300
Served asset /application.css - 304 Not Modified (0ms)


Started GET "/assets/calc.css?body=1" for 127.0.0.1 at 2013-04-26 01:26:18 -0300
Served asset /calc.css - 304 Not Modified (0ms)


Started GET "/assets/jquery.js?body=1" for 127.0.0.1 at 2013-04-26 01:26:18 -0300
Served asset /jquery.js - 304 Not Modified (1ms)


Started GET "/assets/jquery_ujs.js?body=1" for 127.0.0.1 at 2013-04-26 01:26:18 -0300
Served asset /jquery_ujs.js - 304 Not Modified (0ms)


Started GET "/assets/application.js?body=1" for 127.0.0.1 at 2013-04-26 01:26:18 -0300
Served asset /application.js - 304 Not Modified (2ms)


Started GET "/assets/calc.js?body=1" for 127.0.0.1 at 2013-04-26 01:26:18 -0300
Served asset /calc.js - 304 Not Modified (0ms)


Started POST "/calc/resultado" for 127.0.0.1 at 2013-04-26 01:27:00 -0300
Processing by CalcController#resultado as HTML
  Parameters: {"utf8"=>"✓", "authenticity_token"=>"F21F2+0CVgn1KWfsefnJjN4BdqY1eOXRDf6w+r6wuaU=", "primeiro"=>"2.5", "segundo"=>"2", "commit"=>"somar"}
  Rendered calc/resultado.html.erb within layouts/application (0.0ms)
Completed 200 OK in 5ms (Views: 5.0ms | ActiveRecord: 0.0ms)


Started GET "/assets/application.css?body=1" for 127.0.0.1 at 2013-04-26 01:27:00 -0300
Served asset /application.css - 304 Not Modified (1ms)


Started GET "/assets/calc.css?body=1" for 127.0.0.1 at 2013-04-26 01:27:00 -0300
Served asset /calc.css - 304 Not Modified (0ms)


Started GET "/assets/jquery.js?body=1" for 127.0.0.1 at 2013-04-26 01:27:00 -0300
Served asset /jquery.js - 304 Not Modified (5ms)


Started GET "/assets/application.js?body=1" for 127.0.0.1 at 2013-04-26 01:27:00 -0300
Served asset /application.js - 304 Not Modified (1ms)


Started GET "/assets/jquery_ujs.js?body=1" for 127.0.0.1 at 2013-04-26 01:27:00 -0300
Served asset /jquery_ujs.js - 304 Not Modified (0ms)


Started GET "/assets/calc.js?body=1" for 127.0.0.1 at 2013-04-26 01:27:00 -0300
Served asset /calc.js - 304 Not Modified (0ms)


Started POST "/calc/resultado" for 127.0.0.1 at 2013-04-26 01:27:08 -0300
Processing by CalcController#resultado as HTML
  Parameters: {"utf8"=>"✓", "authenticity_token"=>"F21F2+0CVgn1KWfsefnJjN4BdqY1eOXRDf6w+r6wuaU=", "primeiro"=>"6.6", "segundo"=>"2", "commit"=>"somar"}
  Rendered calc/resultado.html.erb within layouts/application (0.1ms)
Completed 200 OK in 12ms (Views: 11.6ms | ActiveRecord: 0.0ms)


Started GET "/assets/application.css?body=1" for 127.0.0.1 at 2013-04-26 01:27:08 -0300
Served asset /application.css - 304 Not Modified (0ms)


Started GET "/assets/calc.css?body=1" for 127.0.0.1 at 2013-04-26 01:27:08 -0300
Served asset /calc.css - 304 Not Modified (0ms)


Started GET "/assets/calc.js?body=1" for 127.0.0.1 at 2013-04-26 01:27:08 -0300
Served asset /calc.js - 304 Not Modified (0ms)


Started GET "/assets/jquery.js?body=1" for 127.0.0.1 at 2013-04-26 01:27:08 -0300
Served asset /jquery.js - 304 Not Modified (1ms)


Started GET "/assets/jquery_ujs.js?body=1" for 127.0.0.1 at 2013-04-26 01:27:08 -0300
Served asset /jquery_ujs.js - 304 Not Modified (1ms)


Started GET "/assets/application.js?body=1" for 127.0.0.1 at 2013-04-26 01:27:08 -0300
Served asset /application.js - 304 Not Modified (1ms)


Started POST "/calc/resultado" for 127.0.0.1 at 2013-04-26 01:27:15 -0300
Processing by CalcController#resultado as HTML
  Parameters: {"utf8"=>"✓", "authenticity_token"=>"F21F2+0CVgn1KWfsefnJjN4BdqY1eOXRDf6w+r6wuaU=", "primeiro"=>"2", "segundo"=>"2", "commit"=>"somar"}
  Rendered calc/resultado.html.erb within layouts/application (0.1ms)
Completed 200 OK in 6ms (Views: 5.6ms | ActiveRecord: 0.0ms)


Started GET "/assets/application.css?body=1" for 127.0.0.1 at 2013-04-26 01:27:15 -0300
Served asset /application.css - 304 Not Modified (0ms)


Started GET "/assets/calc.css?body=1" for 127.0.0.1 at 2013-04-26 01:27:15 -0300
Served asset /calc.css - 304 Not Modified (0ms)


Started GET "/assets/jquery_ujs.js?body=1" for 127.0.0.1 at 2013-04-26 01:27:15 -0300
Served asset /jquery_ujs.js - 304 Not Modified (0ms)


Started GET "/assets/calc.js?body=1" for 127.0.0.1 at 2013-04-26 01:27:15 -0300
Served asset /calc.js - 304 Not Modified (0ms)


Started GET "/assets/application.js?body=1" for 127.0.0.1 at 2013-04-26 01:27:15 -0300
Served asset /application.js - 304 Not Modified (2ms)


Started GET "/assets/jquery.js?body=1" for 127.0.0.1 at 2013-04-26 01:27:15 -0300
Served asset /jquery.js - 304 Not Modified (1ms)
Connecting to database specified by database.yml
  [1m[36m (1.7ms)[0m  [1mSELECT "schema_migrations"."version" FROM "schema_migrations" [0m
  [1m[35m (0.1ms)[0m  select sqlite_version(*)
  [1m[36m (258.2ms)[0m  [1mCREATE TABLE "schema_migrations" ("version" varchar(255) NOT NULL) [0m
  [1m[35m (290.4ms)[0m  CREATE UNIQUE INDEX "unique_schema_migrations" ON "schema_migrations" ("version")
  [1m[36m (0.1ms)[0m  [1mSELECT version FROM "schema_migrations"[0m
  [1m[35m (333.6ms)[0m  INSERT INTO "schema_migrations" (version) VALUES ('0')
Connecting to database specified by database.yml
  [1m[36m (2.3ms)[0m  [1mSELECT "schema_migrations"."version" FROM "schema_migrations" [0m
  [1m[35m (0.1ms)[0m  select sqlite_version(*)
  [1m[36m (344.5ms)[0m  [1mCREATE TABLE "schema_migrations" ("version" varchar(255) NOT NULL) [0m
  [1m[35m (302.3ms)[0m  CREATE UNIQUE INDEX "unique_schema_migrations" ON "schema_migrations" ("version")
  [1m[36m (0.1ms)[0m  [1mSELECT version FROM "schema_migrations"[0m
  [1m[35m (311.5ms)[0m  INSERT INTO "schema_migrations" (version) VALUES ('0')
Connecting to database specified by database.yml
  [1m[36m (1.7ms)[0m  [1mSELECT "schema_migrations"."version" FROM "schema_migrations" [0m
  [1m[35m (0.1ms)[0m  select sqlite_version(*)
  [1m[36m (337.9ms)[0m  [1mCREATE TABLE "schema_migrations" ("version" varchar(255) NOT NULL) [0m
  [1m[35m (302.9ms)[0m  CREATE UNIQUE INDEX "unique_schema_migrations" ON "schema_migrations" ("version")
  [1m[36m (0.1ms)[0m  [1mSELECT version FROM "schema_migrations"[0m
  [1m[35m (312.7ms)[0m  INSERT INTO "schema_migrations" (version) VALUES ('0')
Connecting to database specified by database.yml
  [1m[36m (2.1ms)[0m  [1mSELECT "schema_migrations"."version" FROM "schema_migrations" [0m
  [1m[35m (0.1ms)[0m  select sqlite_version(*)
  [1m[36m (317.6ms)[0m  [1mCREATE TABLE "schema_migrations" ("version" varchar(255) NOT NULL) [0m
  [1m[35m (324.0ms)[0m  CREATE UNIQUE INDEX "unique_schema_migrations" ON "schema_migrations" ("version")
  [1m[36m (0.1ms)[0m  [1mSELECT version FROM "schema_migrations"[0m
  [1m[35m (323.6ms)[0m  INSERT INTO "schema_migrations" (version) VALUES ('0')
